  myStack.cpp
C:\Users\Nathan\source\repos\CSC2034C-\CSC2034C-\Project1\myStack.h(10,9): error C2988: unrecognizable template declaration/definition
C:\Users\Nathan\source\repos\CSC2034C-\CSC2034C-\Project1\myStack.h(10,9): error C2143: syntax error: missing ';' before '<'
C:\Users\Nathan\source\repos\CSC2034C-\CSC2034C-\Project1\myStack.h(10,9): error C2059: syntax error: '<'
C:\Users\Nathan\source\repos\CSC2034C-\CSC2034C-\Project1\myStack.h(10,15): error C2039: 'myStack': is not a member of '`global namespace''
C:\Users\Nathan\source\repos\CSC2034C-\CSC2034C-\Project1\myStack.h(10,36): error C4430: missing type specifier - int assumed. Note: C++ does not support default-int
C:\Users\Nathan\source\repos\CSC2034C-\CSC2034C-\Project1\myStack.h(10,35): error C2065: 'd': undeclared identifier
C:\Users\Nathan\source\repos\CSC2034C-\CSC2034C-\Project1\myStack.h(11,1): error C2988: unrecognizable template declaration/definition
C:\Users\Nathan\source\repos\CSC2034C-\CSC2034C-\Project1\myStack.h(11,1): error C2059: syntax error: '{'
C:\Users\Nathan\source\repos\CSC2034C-\CSC2034C-\Project1\myStack.h(11,1): error C2143: syntax error: missing ';' before '{'
C:\Users\Nathan\source\repos\CSC2034C-\CSC2034C-\Project1\myStack.h(11,1): error C2447: '{': missing function header (old-style formal list?)
C:\Users\Nathan\source\repos\CSC2034C-\CSC2034C-\Project1\myStack.h(15,8): error C2988: unrecognizable template declaration/definition
C:\Users\Nathan\source\repos\CSC2034C-\CSC2034C-\Project1\myStack.h(15,8): error C2143: syntax error: missing ';' before '<'
C:\Users\Nathan\source\repos\CSC2034C-\CSC2034C-\Project1\myStack.h(15,8): error C2059: syntax error: '<'
C:\Users\Nathan\source\repos\CSC2034C-\CSC2034C-\Project1\myStack.h(15,16): error C2523: '::~myStack': destructor tag mismatch
C:\Users\Nathan\source\repos\CSC2034C-\CSC2034C-\Project1\myStack.h(15,16): error C2039: 'myStack': is not a member of '`global namespace''
C:\Users\Nathan\source\repos\CSC2034C-\CSC2034C-\Project1\myStack.h(16,1): error C2143: syntax error: missing ';' before '{'
C:\Users\Nathan\source\repos\CSC2034C-\CSC2034C-\Project1\myStack.h(16,1): error C2447: '{': missing function header (old-style formal list?)
C:\Users\Nathan\source\repos\CSC2034C-\CSC2034C-\Project1\myStack.h(20,13): error C2988: unrecognizable template declaration/definition
C:\Users\Nathan\source\repos\CSC2034C-\CSC2034C-\Project1\myStack.h(20,13): error C2143: syntax error: missing ';' before '<'
C:\Users\Nathan\source\repos\CSC2034C-\CSC2034C-\Project1\myStack.h(20,6): error C2182: 'myStack': this use of 'void' is not valid
C:\Users\Nathan\source\repos\CSC2034C-\CSC2034C-\Project1\myStack.h(20,13): error C2059: syntax error: '<'
C:\Users\Nathan\source\repos\CSC2034C-\CSC2034C-\Project1\myStack.h(20,19): error C2039: 'push': is not a member of '`global namespace''
C:\Users\Nathan\source\repos\CSC2034C-\CSC2034C-\Project1\myStack.h(21,1): error C2143: syntax error: missing ';' before '{'
C:\Users\Nathan\source\repos\CSC2034C-\CSC2034C-\Project1\myStack.h(21,1): error C2447: '{': missing function header (old-style formal list?)
C:\Users\Nathan\source\repos\CSC2034C-\CSC2034C-\Project1\myStack.h(25,10): error C2988: unrecognizable template declaration/definition
C:\Users\Nathan\source\repos\CSC2034C-\CSC2034C-\Project1\myStack.h(25,10): error C2143: syntax error: missing ';' before '<'
C:\Users\Nathan\source\repos\CSC2034C-\CSC2034C-\Project1\myStack.h(25,3): error C2371: 'myStack': redefinition; different basic types
C:\Users\Nathan\source\repos\CSC2034C-\CSC2034C-\Project1\myStack.h(20,6): message : see declaration of 'myStack'
C:\Users\Nathan\source\repos\CSC2034C-\CSC2034C-\Project1\myStack.h(25,10): error C2059: syntax error: '<'
C:\Users\Nathan\source\repos\CSC2034C-\CSC2034C-\Project1\myStack.h(25,16): error C2039: 'pop': is not a member of '`global namespace''
C:\Users\Nathan\source\repos\CSC2034C-\CSC2034C-\Project1\myStack.h(26,1): error C2143: syntax error: missing ';' before '{'
C:\Users\Nathan\source\repos\CSC2034C-\CSC2034C-\Project1\myStack.h(26,1): error C2447: '{': missing function header (old-style formal list?)
C:\Users\Nathan\source\repos\CSC2034C-\CSC2034C-\Project1\myStack.h(33,10): error C2988: unrecognizable template declaration/definition
C:\Users\Nathan\source\repos\CSC2034C-\CSC2034C-\Project1\myStack.h(33,10): error C2143: syntax error: missing ';' before '<'
C:\Users\Nathan\source\repos\CSC2034C-\CSC2034C-\Project1\myStack.h(33,3): error C2371: 'myStack': redefinition; different basic types
C:\Users\Nathan\source\repos\CSC2034C-\CSC2034C-\Project1\myStack.h(20,6): message : see declaration of 'myStack'
C:\Users\Nathan\source\repos\CSC2034C-\CSC2034C-\Project1\myStack.h(33,10): error C2059: syntax error: '<'
C:\Users\Nathan\source\repos\CSC2034C-\CSC2034C-\Project1\myStack.h(33,16): error C2039: 'getSize': is not a member of '`global namespace''
C:\Users\Nathan\source\repos\CSC2034C-\CSC2034C-\Project1\myStack.h(34,1): error C2143: syntax error: missing ';' before '{'
C:\Users\Nathan\source\repos\CSC2034C-\CSC2034C-\Project1\myStack.h(34,1): error C2447: '{': missing function header (old-style formal list?)
C:\Users\Nathan\source\repos\CSC2034C-\CSC2034C-\Project1\myStack.h(38,10): error C2988: unrecognizable template declaration/definition
C:\Users\Nathan\source\repos\CSC2034C-\CSC2034C-\Project1\myStack.h(38,10): error C2143: syntax error: missing ';' before '<'
C:\Users\Nathan\source\repos\CSC2034C-\CSC2034C-\Project1\myStack.h(38,3): error C2371: 'myStack': redefinition; different basic types
C:\Users\Nathan\source\repos\CSC2034C-\CSC2034C-\Project1\myStack.h(20,6): message : see declaration of 'myStack'
C:\Users\Nathan\source\repos\CSC2034C-\CSC2034C-\Project1\myStack.h(38,10): error C2059: syntax error: '<'
C:\Users\Nathan\source\repos\CSC2034C-\CSC2034C-\Project1\myStack.h(38,15): error C2039: 'isEmpty': is not a member of '`global namespace''
C:\Users\Nathan\source\repos\CSC2034C-\CSC2034C-\Project1\myStack.h(39,1): error C2143: syntax error: missing ';' before '{'
C:\Users\Nathan\source\repos\CSC2034C-\CSC2034C-\Project1\myStack.h(39,1): error C2447: '{': missing function header (old-style formal list?)
C:\Users\Nathan\source\repos\CSC2034C-\CSC2034C-\Project1\myStack.h(43,13): error C2988: unrecognizable template declaration/definition
C:\Users\Nathan\source\repos\CSC2034C-\CSC2034C-\Project1\myStack.h(43,13): error C2143: syntax error: missing ';' before '<'
C:\Users\Nathan\source\repos\CSC2034C-\CSC2034C-\Project1\myStack.h(43,6): error C2182: 'myStack': this use of 'void' is not valid
C:\Users\Nathan\source\repos\CSC2034C-\CSC2034C-\Project1\myStack.h(43,6): error C2374: 'myStack': redefinition; multiple initialization
C:\Users\Nathan\source\repos\CSC2034C-\CSC2034C-\Project1\myStack.h(43,13): error C2059: syntax error: '<'
C:\Users\Nathan\source\repos\CSC2034C-\CSC2034C-\Project1\myStack.h(43,19): error C2039: 'print': is not a member of '`global namespace''
C:\Users\Nathan\source\repos\CSC2034C-\CSC2034C-\Project1\myStack.h(44,1): error C2143: syntax error: missing ';' before '{'
C:\Users\Nathan\source\repos\CSC2034C-\CSC2034C-\Project1\myStack.h(44,1): error C2447: '{': missing function header (old-style formal list?)
C:\Users\Nathan\source\repos\CSC2034C-\CSC2034C-\Project1\myStack.cpp(13,2): error C2825: 'myStack': must be a class or namespace when followed by '::'
C:\Users\Nathan\source\repos\CSC2034C-\CSC2034C-\Project1\myStack.cpp(13,13): error C2510: 'myStack': left of '::' must be a class/struct/union
C:\Users\Nathan\source\repos\CSC2034C-\CSC2034C-\Project1\myStack.cpp(14,2): error C4430: missing type specifier - int assumed. Note: C++ does not support default-int
C:\Users\Nathan\source\repos\CSC2034C-\CSC2034C-\Project1\myStack.cpp(13,20): error C2365: 'myStack': redefinition; previous definition was 'data variable'
C:\Users\Nathan\source\repos\CSC2034C-\CSC2034C-\Project1\myStack.h(20,6): message : see declaration of 'myStack'
C:\Users\Nathan\source\repos\CSC2034C-\CSC2034C-\Project1\myStack.cpp(15,3): error C2065: 'vector': undeclared identifier
C:\Users\Nathan\source\repos\CSC2034C-\CSC2034C-\Project1\myStack.cpp(15,11): error C2062: type 'int' unexpected
C:\Users\Nathan\source\repos\CSC2034C-\CSC2034C-\Project1\myStack.cpp(15,23): error C2143: syntax error: missing ';' before '{'
C:\Users\Nathan\source\repos\CSC2034C-\CSC2034C-\Project1\myStack.cpp(15,27): error C2988: unrecognizable template declaration/definition
C:\Users\Nathan\source\repos\CSC2034C-\CSC2034C-\Project1\myStack.cpp(15,27): error C2143: syntax error: missing ';' before '}'
C:\Users\Nathan\source\repos\CSC2034C-\CSC2034C-\Project1\myStack.cpp(18,2): error C2825: 'myStack': must be a class or namespace when followed by '::'
C:\Users\Nathan\source\repos\CSC2034C-\CSC2034C-\Project1\myStack.cpp(18,14): error C2510: 'myStack': left of '::' must be a class/struct/union
C:\Users\Nathan\source\repos\CSC2034C-\CSC2034C-\Project1\myStack.cpp(19,2): error C4430: missing type specifier - int assumed. Note: C++ does not support default-int
C:\Users\Nathan\source\repos\CSC2034C-\CSC2034C-\Project1\myStack.cpp(21,2): warning C4508: '{dtor}': function should return a value; 'void' return type assumed
C:\Users\Nathan\source\repos\CSC2034C-\CSC2034C-\Project1\myStack.cpp(24,7): error C2825: 'myStack': must be a class or namespace when followed by '::'
C:\Users\Nathan\source\repos\CSC2034C-\CSC2034C-\Project1\myStack.cpp(24,18): error C2510: 'myStack': left of '::' must be a class/struct/union
C:\Users\Nathan\source\repos\CSC2034C-\CSC2034C-\Project1\myStack.cpp(28,6): error C2825: 'myStack': must be a class or namespace when followed by '::'
C:\Users\Nathan\source\repos\CSC2034C-\CSC2034C-\Project1\myStack.cpp(28,16): error C2510: 'myStack': left of '::' must be a class/struct/union
C:\Users\Nathan\source\repos\CSC2034C-\CSC2034C-\Project1\myStack.cpp(35,7): error C2825: 'myStack': must be a class or namespace when followed by '::'
C:\Users\Nathan\source\repos\CSC2034C-\CSC2034C-\Project1\myStack.cpp(35,18): error C2510: 'myStack': left of '::' must be a class/struct/union
C:\Users\Nathan\source\repos\CSC2034C-\CSC2034C-\Project1\myStack.cpp(39,7): error C2825: 'myStack': must be a class or namespace when followed by '::'
C:\Users\Nathan\source\repos\CSC2034C-\CSC2034C-\Project1\myStack.cpp(39,17): error C2510: 'myStack': left of '::' must be a class/struct/union
C:\Users\Nathan\source\repos\CSC2034C-\CSC2034C-\Project1\myStack.cpp(41,3): error C2065: 'cout': undeclared identifier
C:\Users\Nathan\source\repos\CSC2034C-\CSC2034C-\Project1\myStack.cpp(44,4): error C2065: 'cout': undeclared identifier
C:\Users\Nathan\source\repos\CSC2034C-\CSC2034C-\Project1\myStack.cpp(44,12): error C2100: illegal indirection
C:\Users\Nathan\source\repos\CSC2034C-\CSC2034C-\Project1\myStack.cpp(47,6): error C2825: 'myStack': must be a class or namespace when followed by '::'
C:\Users\Nathan\source\repos\CSC2034C-\CSC2034C-\Project1\myStack.cpp(47,15): error C2510: 'myStack': left of '::' must be a class/struct/union
  test.cpp
C:\Users\Nathan\source\repos\CSC2034C-\CSC2034C-\Project1\myStack.h(10,9): error C2988: unrecognizable template declaration/definition
C:\Users\Nathan\source\repos\CSC2034C-\CSC2034C-\Project1\myStack.h(10,9): error C2143: syntax error: missing ';' before '<'
C:\Users\Nathan\source\repos\CSC2034C-\CSC2034C-\Project1\myStack.h(10,9): error C2059: syntax error: '<'
C:\Users\Nathan\source\repos\CSC2034C-\CSC2034C-\Project1\myStack.h(10,15): error C2039: 'myStack': is not a member of '`global namespace''
C:\Users\Nathan\source\repos\CSC2034C-\CSC2034C-\Project1\myStack.h(10,36): error C4430: missing type specifier - int assumed. Note: C++ does not support default-int
C:\Users\Nathan\source\repos\CSC2034C-\CSC2034C-\Project1\myStack.h(10,35): error C2065: 'd': undeclared identifier
C:\Users\Nathan\source\repos\CSC2034C-\CSC2034C-\Project1\myStack.h(11,1): error C2988: unrecognizable template declaration/definition
C:\Users\Nathan\source\repos\CSC2034C-\CSC2034C-\Project1\myStack.h(11,1): error C2059: syntax error: '{'
C:\Users\Nathan\source\repos\CSC2034C-\CSC2034C-\Project1\myStack.h(11,1): error C2143: syntax error: missing ';' before '{'
C:\Users\Nathan\source\repos\CSC2034C-\CSC2034C-\Project1\myStack.h(11,1): error C2447: '{': missing function header (old-style formal list?)
C:\Users\Nathan\source\repos\CSC2034C-\CSC2034C-\Project1\myStack.h(15,8): error C2988: unrecognizable template declaration/definition
C:\Users\Nathan\source\repos\CSC2034C-\CSC2034C-\Project1\myStack.h(15,8): error C2143: syntax error: missing ';' before '<'
C:\Users\Nathan\source\repos\CSC2034C-\CSC2034C-\Project1\myStack.h(15,8): error C2059: syntax error: '<'
C:\Users\Nathan\source\repos\CSC2034C-\CSC2034C-\Project1\myStack.h(15,16): error C2523: '::~myStack': destructor tag mismatch
C:\Users\Nathan\source\repos\CSC2034C-\CSC2034C-\Project1\myStack.h(15,16): error C2039: 'myStack': is not a member of '`global namespace''
C:\Users\Nathan\source\repos\CSC2034C-\CSC2034C-\Project1\myStack.h(16,1): error C2143: syntax error: missing ';' before '{'
C:\Users\Nathan\source\repos\CSC2034C-\CSC2034C-\Project1\myStack.h(16,1): error C2447: '{': missing function header (old-style formal list?)
C:\Users\Nathan\source\repos\CSC2034C-\CSC2034C-\Project1\myStack.h(20,13): error C2988: unrecognizable template declaration/definition
C:\Users\Nathan\source\repos\CSC2034C-\CSC2034C-\Project1\myStack.h(20,13): error C2143: syntax error: missing ';' before '<'
C:\Users\Nathan\source\repos\CSC2034C-\CSC2034C-\Project1\myStack.h(20,6): error C2182: 'myStack': this use of 'void' is not valid
C:\Users\Nathan\source\repos\CSC2034C-\CSC2034C-\Project1\myStack.h(20,13): error C2059: syntax error: '<'
C:\Users\Nathan\source\repos\CSC2034C-\CSC2034C-\Project1\myStack.h(20,19): error C2039: 'push': is not a member of '`global namespace''
C:\Users\Nathan\source\repos\CSC2034C-\CSC2034C-\Project1\myStack.h(21,1): error C2143: syntax error: missing ';' before '{'
C:\Users\Nathan\source\repos\CSC2034C-\CSC2034C-\Project1\myStack.h(21,1): error C2447: '{': missing function header (old-style formal list?)
C:\Users\Nathan\source\repos\CSC2034C-\CSC2034C-\Project1\myStack.h(25,10): error C2988: unrecognizable template declaration/definition
C:\Users\Nathan\source\repos\CSC2034C-\CSC2034C-\Project1\myStack.h(25,10): error C2143: syntax error: missing ';' before '<'
C:\Users\Nathan\source\repos\CSC2034C-\CSC2034C-\Project1\myStack.h(25,3): error C2371: 'myStack': redefinition; different basic types
C:\Users\Nathan\source\repos\CSC2034C-\CSC2034C-\Project1\myStack.h(20,6): message : see declaration of 'myStack'
C:\Users\Nathan\source\repos\CSC2034C-\CSC2034C-\Project1\myStack.h(25,10): error C2059: syntax error: '<'
C:\Users\Nathan\source\repos\CSC2034C-\CSC2034C-\Project1\myStack.h(25,16): error C2039: 'pop': is not a member of '`global namespace''
C:\Users\Nathan\source\repos\CSC2034C-\CSC2034C-\Project1\myStack.h(26,1): error C2143: syntax error: missing ';' before '{'
C:\Users\Nathan\source\repos\CSC2034C-\CSC2034C-\Project1\myStack.h(26,1): error C2447: '{': missing function header (old-style formal list?)
C:\Users\Nathan\source\repos\CSC2034C-\CSC2034C-\Project1\myStack.h(33,10): error C2988: unrecognizable template declaration/definition
C:\Users\Nathan\source\repos\CSC2034C-\CSC2034C-\Project1\myStack.h(33,10): error C2143: syntax error: missing ';' before '<'
C:\Users\Nathan\source\repos\CSC2034C-\CSC2034C-\Project1\myStack.h(33,3): error C2371: 'myStack': redefinition; different basic types
C:\Users\Nathan\source\repos\CSC2034C-\CSC2034C-\Project1\myStack.h(20,6): message : see declaration of 'myStack'
C:\Users\Nathan\source\repos\CSC2034C-\CSC2034C-\Project1\myStack.h(33,10): error C2059: syntax error: '<'
C:\Users\Nathan\source\repos\CSC2034C-\CSC2034C-\Project1\myStack.h(33,16): error C2039: 'getSize': is not a member of '`global namespace''
C:\Users\Nathan\source\repos\CSC2034C-\CSC2034C-\Project1\myStack.h(34,1): error C2143: syntax error: missing ';' before '{'
C:\Users\Nathan\source\repos\CSC2034C-\CSC2034C-\Project1\myStack.h(34,1): error C2447: '{': missing function header (old-style formal list?)
C:\Users\Nathan\source\repos\CSC2034C-\CSC2034C-\Project1\myStack.h(38,10): error C2988: unrecognizable template declaration/definition
C:\Users\Nathan\source\repos\CSC2034C-\CSC2034C-\Project1\myStack.h(38,10): error C2143: syntax error: missing ';' before '<'
C:\Users\Nathan\source\repos\CSC2034C-\CSC2034C-\Project1\myStack.h(38,3): error C2371: 'myStack': redefinition; different basic types
C:\Users\Nathan\source\repos\CSC2034C-\CSC2034C-\Project1\myStack.h(20,6): message : see declaration of 'myStack'
C:\Users\Nathan\source\repos\CSC2034C-\CSC2034C-\Project1\myStack.h(38,10): error C2059: syntax error: '<'
C:\Users\Nathan\source\repos\CSC2034C-\CSC2034C-\Project1\myStack.h(38,15): error C2039: 'isEmpty': is not a member of '`global namespace''
C:\Users\Nathan\source\repos\CSC2034C-\CSC2034C-\Project1\myStack.h(39,1): error C2143: syntax error: missing ';' before '{'
C:\Users\Nathan\source\repos\CSC2034C-\CSC2034C-\Project1\myStack.h(39,1): error C2447: '{': missing function header (old-style formal list?)
C:\Users\Nathan\source\repos\CSC2034C-\CSC2034C-\Project1\myStack.h(43,13): error C2988: unrecognizable template declaration/definition
C:\Users\Nathan\source\repos\CSC2034C-\CSC2034C-\Project1\myStack.h(43,13): error C2143: syntax error: missing ';' before '<'
C:\Users\Nathan\source\repos\CSC2034C-\CSC2034C-\Project1\myStack.h(43,6): error C2182: 'myStack': this use of 'void' is not valid
C:\Users\Nathan\source\repos\CSC2034C-\CSC2034C-\Project1\myStack.h(43,6): error C2374: 'myStack': redefinition; multiple initialization
C:\Users\Nathan\source\repos\CSC2034C-\CSC2034C-\Project1\myStack.h(43,13): error C2059: syntax error: '<'
C:\Users\Nathan\source\repos\CSC2034C-\CSC2034C-\Project1\myStack.h(43,19): error C2039: 'print': is not a member of '`global namespace''
C:\Users\Nathan\source\repos\CSC2034C-\CSC2034C-\Project1\myStack.h(44,1): error C2143: syntax error: missing ';' before '{'
C:\Users\Nathan\source\repos\CSC2034C-\CSC2034C-\Project1\myStack.h(44,1): error C2447: '{': missing function header (old-style formal list?)
C:\Users\Nathan\source\repos\CSC2034C-\CSC2034C-\Project1\test.cpp(31,3): error C4996: 'strcpy': This function or variable may be unsafe. Consider using strcpy_s instead. To disable deprecation, use _CRT_SECURE_NO_WARNINGS. See online help for details.
C:\Users\Nathan\source\repos\CSC2034C-\CSC2034C-\Project1\test.cpp(33,3): error C4996: 'strtok': This function or variable may be unsafe. Consider using strtok_s instead. To disable deprecation, use _CRT_SECURE_NO_WARNINGS. See online help for details.
C:\Users\Nathan\source\repos\CSC2034C-\CSC2034C-\Project1\test.cpp(49,10): error C2146: syntax error: missing ';' before identifier 'nStack'
C:\Users\Nathan\source\repos\CSC2034C-\CSC2034C-\Project1\test.cpp(49,10): error C2065: 'nStack': undeclared identifier
C:\Users\Nathan\source\repos\CSC2034C-\CSC2034C-\Project1\test.cpp(72,4): error C2065: 'nStack': undeclared identifier
C:\Users\Nathan\source\repos\CSC2034C-\CSC2034C-\Project1\test.cpp(77,9): error C2065: 'nStack': undeclared identifier
C:\Users\Nathan\source\repos\CSC2034C-\CSC2034C-\Project1\test.cpp(79,13): error C2065: 'nStack': undeclared identifier
C:\Users\Nathan\source\repos\CSC2034C-\CSC2034C-\Project1\test.cpp(80,13): error C2065: 'nStack': undeclared identifier
C:\Users\Nathan\source\repos\CSC2034C-\CSC2034C-\Project1\test.cpp(86,13): error C2065: 'nStack': undeclared identifier
C:\Users\Nathan\source\repos\CSC2034C-\CSC2034C-\Project1\test.cpp(94,9): error C2065: 'nStack': undeclared identifier
C:\Users\Nathan\source\repos\CSC2034C-\CSC2034C-\Project1\test.cpp(96,13): error C2065: 'nStack': undeclared identifier
C:\Users\Nathan\source\repos\CSC2034C-\CSC2034C-\Project1\test.cpp(97,13): error C2065: 'nStack': undeclared identifier
C:\Users\Nathan\source\repos\CSC2034C-\CSC2034C-\Project1\test.cpp(102,13): error C2065: 'nStack': undeclared identifier
C:\Users\Nathan\source\repos\CSC2034C-\CSC2034C-\Project1\test.cpp(109,9): error C2065: 'nStack': undeclared identifier
C:\Users\Nathan\source\repos\CSC2034C-\CSC2034C-\Project1\test.cpp(111,13): error C2065: 'nStack': undeclared identifier
C:\Users\Nathan\source\repos\CSC2034C-\CSC2034C-\Project1\test.cpp(112,13): error C2065: 'nStack': undeclared identifier
C:\Users\Nathan\source\repos\CSC2034C-\CSC2034C-\Project1\test.cpp(117,13): error C2065: 'nStack': undeclared identifier
C:\Users\Nathan\source\repos\CSC2034C-\CSC2034C-\Project1\test.cpp(124,9): error C2065: 'nStack': undeclared identifier
C:\Users\Nathan\source\repos\CSC2034C-\CSC2034C-\Project1\test.cpp(126,13): error C2065: 'nStack': undeclared identifier
C:\Users\Nathan\source\repos\CSC2034C-\CSC2034C-\Project1\test.cpp(127,13): error C2065: 'nStack': undeclared identifier
C:\Users\Nathan\source\repos\CSC2034C-\CSC2034C-\Project1\test.cpp(132,13): error C2065: 'nStack': undeclared identifier
C:\Users\Nathan\source\repos\CSC2034C-\CSC2034C-\Project1\test.cpp(56,9): error C4996: 'strtok': This function or variable may be unsafe. Consider using strtok_s instead. To disable deprecation, use _CRT_SECURE_NO_WARNINGS. See online help for details.
C:\Users\Nathan\source\repos\CSC2034C-\CSC2034C-\Project1\test.cpp(138,10): error C4996: 'strtok': This function or variable may be unsafe. Consider using strtok_s instead. To disable deprecation, use _CRT_SECURE_NO_WARNINGS. See online help for details.
  Generating Code...
